Determining if the pthread_create exist failed with the following output:
Change Dir: /home/baeksh1997/catkin_ws2/build/CMakeFiles/CMakeTmp

Run Build Command:"/usr/bin/make" "cmTC_409fe/fast"
/usr/bin/make -f CMakeFiles/cmTC_409fe.dir/build.make CMakeFiles/cmTC_409fe.dir/build
make[1]: 디렉터리 '/home/baeksh1997/catkin_ws2/build/CMakeFiles/CMakeTmp' 들어감
Building C object CMakeFiles/cmTC_409fe.dir/CheckSymbolExists.c.o
/usr/bin/cc    -o CMakeFiles/cmTC_409fe.dir/CheckSymbolExists.c.o   -c /home/baeksh1997/catkin_ws2/build/CMakeFiles/CMakeTmp/CheckSymbolExists.c
Linking C executable cmTC_409fe
/usr/bin/cmake -E cmake_link_script CMakeFiles/cmTC_409fe.dir/link.txt --verbose=1
/usr/bin/cc      -rdynamic CMakeFiles/cmTC_409fe.dir/CheckSymbolExists.c.o  -o cmTC_409fe 
CMakeFiles/cmTC_409fe.dir/CheckSymbolExists.c.o: In function `main':
CheckSymbolExists.c:(.text+0x1b): undefined reference to `pthread_create'
collect2: error: ld returned 1 exit status
CMakeFiles/cmTC_409fe.dir/build.make:97: recipe for target 'cmTC_409fe' failed
make[1]: *** [cmTC_409fe] Error 1
make[1]: 디렉터리 '/home/baeksh1997/catkin_ws2/build/CMakeFiles/CMakeTmp' 나감
Makefile:126: recipe for target 'cmTC_409fe/fast' failed
make: *** [cmTC_409fe/fast] Error 2

File /home/baeksh1997/catkin_ws2/build/CMakeFiles/CMakeTmp/CheckSymbolExists.c:
/* */
#include <pthread.h>

int main(int argc, char** argv)
{
  (void)argv;
#ifndef pthread_create
  return ((int*)(&pthread_create))[argc];
#else
  (void)argc;
  return 0;
#endif
}

Determining if the function pthread_create exists in the pthreads failed with the following output:
Change Dir: /home/baeksh1997/catkin_ws2/build/CMakeFiles/CMakeTmp

Run Build Command:"/usr/bin/make" "cmTC_89990/fast"
/usr/bin/make -f CMakeFiles/cmTC_89990.dir/build.make CMakeFiles/cmTC_89990.dir/build
make[1]: 디렉터리 '/home/baeksh1997/catkin_ws2/build/CMakeFiles/CMakeTmp' 들어감
Building C object CMakeFiles/cmTC_89990.dir/CheckFunctionExists.c.o
/usr/bin/cc   -DCHECK_FUNCTION_EXISTS=pthread_create   -o CMakeFiles/cmTC_89990.dir/CheckFunctionExists.c.o   -c /usr/share/cmake-3.10/Modules/CheckFunctionExists.c
Linking C executable cmTC_89990
/usr/bin/cmake -E cmake_link_script CMakeFiles/cmTC_89990.dir/link.txt --verbose=1
/usr/bin/cc  -DCHECK_FUNCTION_EXISTS=pthread_create    -rdynamic CMakeFiles/cmTC_89990.dir/CheckFunctionExists.c.o  -o cmTC_89990 -lpthreads 
/usr/bin/ld: cannot find -lpthreads
collect2: error: ld returned 1 exit status
CMakeFiles/cmTC_89990.dir/build.make:97: recipe for target 'cmTC_89990' failed
make[1]: *** [cmTC_89990] Error 1
make[1]: 디렉터리 '/home/baeksh1997/catkin_ws2/build/CMakeFiles/CMakeTmp' 나감
Makefile:126: recipe for target 'cmTC_89990/fast' failed
make: *** [cmTC_89990/fast] Error 2


